<?xml version="1.0" encoding="UTF-8"?>
<!-- Generated by org.testng.reporters.JUnitReportReporter -->
<testsuite skipped="0" hostname="GANESHA-PC" name="com.crm.qa.testcases.LoginPageTest" tests="3" failures="0" timestamp="15 Feb 2018 15:08:12 GMT" time="33.129" errors="0">
  <testcase name="loginPageTitleTest" time="9.359" classname="com.crm.qa.testcases.LoginPageTest"/>
  <testcase name="crmLogoImageTest" time="8.407" classname="com.crm.qa.testcases.LoginPageTest"/>
  <testcase name="loginTest" time="15.363" classname="com.crm.qa.testcases.LoginPageTest"/>
</testsuite> <!-- com.crm.qa.testcases.LoginPageTest -->
