<?xml version="1.0" encoding="UTF-8"?>
<!-- Generated by org.testng.reporters.JUnitReportReporter -->
<testsuite skipped="0" hostname="GANESHA-PC" name="com.crm.qa.testcases.HomePageTest" tests="3" failures="0" timestamp="15 Feb 2018 15:08:12 GMT" time="47.051" errors="0">
  <testcase name="verifyHomePageTest" time="17.100" classname="com.crm.qa.testcases.HomePageTest"/>
  <testcase name="verifyUserNameTest" time="13.191" classname="com.crm.qa.testcases.HomePageTest"/>
  <testcase name="verifyContactLinkTest" time="16.760" classname="com.crm.qa.testcases.HomePageTest"/>
</testsuite> <!-- com.crm.qa.testcases.HomePageTest -->
